<?xml version="1.0" encoding="UTF-8"?>
<testng-results skipped="0" failed="1" ignored="0" total="1" passed="0">
  <reporter-output>
    <line>
      <![CDATA[▀▄▀▄▀ DEVICE PROPERTIES: Capabilities [{reportPdfUrl=https://fifththird.reporting.perfectomobile.com/export/api/v1/test-executions/pdf?externalId[0]=dinesh.venkataraman@internal.53.com_RemoteWebDriver_18-07-26_10_16_46_841&_timestamp[0]=1532600206815, simpleIsVisibleCheck=true, available=false, language=English, deviceName=6CEDD7EA68F5F5211728B0554694B223BB4F86ED, deviceId=6CEDD7EA68F5F5211728B0554694B223BB4F86ED, resolution=1242x2208, mode=CONNECTED, password=, cradleId=BOS-E2-F1-5/VIRTUAL/05, deviceSessionId=dinesh.venkataraman@internal.53.com_RemoteWebDriver_18-07-26_10_16_46_841, driverClass=io.appium.java_client.ios.IOSDriver, automationName=Appium, host=fifththird.perfectomobile.com, javascriptEnabled=true, model=iPhone-8 Plus, rotatable=true, entityType=remote_web_driver, serverHost=1.5.43.22:11605, executionId=dinesh.venkataraman@internal.53.com_RemoteWebDriver_18-07-26_10_16_46_841, webdriver.remote.sessionid=84df156f-36ec-474b-b343-8bad019276f5, scriptName=RemoteWebDriver, operabilityRatingScore=100, cssSelectorsEnabled=true, status=Connected, bundleid=com.clairmail.fth.client, platform=ANY, wifiMacAddress=68:ef:43:e0:b5:f8, manufacturer=Apple, osVersion=11.4, platformVersion=11.4, singleTestReportUrl=https://fifththird.reporting.perfectomobile.com/library?externalId[0]=dinesh.venkataraman@internal.53.com_RemoteWebDriver_18-07-26_10_16_46_841&_timestamp[0]=1532600206815, inUse=true, takesScreenshot=true, platformName=iOS, firmware=11.4, applicationName=Fifth Third, testGridReportUrl=https://fifththird.reporting.perfectomobile.com/library?externalId[0]=dinesh.venkataraman@internal.53.com_RemoteWebDriver_18-07-26_10_16_46_841&_timestamp[0]=1532600206815, os=iOS, xcuitestFindOptimizations=true, allocatedTo=dinesh.venkataraman@internal.53.com, bundleId=com.apple.mobilesafari, serverConnector=, securityToken=, locationContextEnabled=true, location=NA-US-BOS, linkType=lab, reportKey=dinesh.venkataraman@internal.53.com_RemoteWebDriver_18-07-26_10_16_46_841, windTunnelReportUrl=https://fifththird.reporting.perfectomobile.com/library?externalId[0]=dinesh.venkataraman@internal.53.com_RemoteWebDriver_18-07-26_10_16_46_841&_timestamp[0]=1532600206815, user=}] ▀▄▀▄▀]]>
    </line>
    <line>
      <![CDATA[█▀▀▀▀▀▀▀▀▀▀▀▀▀▀▀▀▀▀▀▀▀▀▀▀▀▀▀▀▀▀▀▀▀▀▀▀▀▀▀▀▀▀▀▀▀▀▀▀▀▀▀▀▀▀▀▀▀▀▀▀▀▀▀▀▀▀▀▀▀▀▀█]]>
    </line>
    <line>
      <![CDATA[█ TEST STARTED: Validating invalid user name and password error message █]]>
    </line>
    <line>
      <![CDATA[█▄▄▄▄▄▄▄▄▄▄▄▄▄▄▄▄▄▄▄▄▄▄▄▄▄▄▄▄▄▄▄▄▄▄▄▄▄▄▄▄▄▄▄▄▄▄▄▄▄▄▄▄▄▄▄▄▄▄▄▄▄▄▄▄▄▄▄▄▄▄▄█]]>
    </line>
    <line>
      <![CDATA[▄ ▄ ▄ BEGIN STEP: Given I start the application by the name "Fifth Third" ▄ ▄ ▄]]>
    </line>
    <line>
      <![CDATA[▀ ▀ ▀ END STEP: Given I start the application by the name "Fifth Third" ▀ ▀ ▀]]>
    </line>
    <line>
      <![CDATA[▄ ▄ ▄ BEGIN STEP: And I am using an AppiumDriver ▄ ▄ ▄]]>
    </line>
    <line>
      <![CDATA[▀▄▀▄▀ Driver is an instance of IOSDriver ▀▄▀▄▀]]>
    </line>
    <line>
      <![CDATA[▀ ▀ ▀ END STEP: And I am using an AppiumDriver ▀ ▀ ▀]]>
    </line>
    <line>
      <![CDATA[▄ ▄ ▄ BEGIN STEP: When I enter "PerfectoMOBTest" and "Test@1234" ▄ ▄ ▄]]>
    </line>
    <line>
      <![CDATA[▀ ▀ ▀ END STEP: When I enter "PerfectoMOBTest" and "Test@1234" ▀ ▀ ▀]]>
    </line>
    <line>
      <![CDATA[▀▄▀▄▀ REPORTIUM URL: https://fifththird.reporting.perfectomobile.com/library?externalId%5B0%5D=dinesh.venkataraman@internal.53.com_RemoteWebDriver_18-07-26_10_16_46_841&_timestamp%5B0%5D=1532600206815 ▀▄▀▄▀]]>
    </line>
    <line>
      <![CDATA[█▀▀▀▀▀▀▀▀▀▀▀▀▀▀▀▀▀▀▀▀▀▀▀▀▀▀▀▀▀▀▀▀▀▀▀▀▀▀▀▀▀▀▀▀▀▀▀▀▀▀▀▀▀▀▀▀▀▀▀▀▀▀▀▀▀▀▀▀▀▀█]]>
    </line>
    <line>
      <![CDATA[█ TEST FAILED: Validating invalid user name and password error message █]]>
    </line>
    <line>
      <![CDATA[█▄▄▄▄▄▄▄▄▄▄▄▄▄▄▄▄▄▄▄▄▄▄▄▄▄▄▄▄▄▄▄▄▄▄▄▄▄▄▄▄▄▄▄▄▄▄▄▄▄▄▄▄▄▄▄▄▄▄▄▄▄▄▄▄▄▄▄▄▄▄█]]>
    </line>
    <line>
      <![CDATA[<div style="display:block;margin-left:10px;"><div  class="teststeppass"><span class="teststeppass-label">T </span>Given I start the application by the name "Fifth Third"</div><div  class="teststeppass"><span class="teststeppass-label">T </span>And I am using an AppiumDriver</div><div  class="teststepfail"><span class="teststepfail-label">T </span>When I enter "PerfectoMOBTest" and "Test@1234" <a href="img/ValidatingInvalidUserNameAndPasswordErrorMessage_1pigja7wxzray25616.png" target="_blank">[View Screenshot]</a> </div><div style="display:block;margin-left:10px;"><div  class="fail"><span class="fail-label">F </span>Element with by xpath '//AppiumAUT/XCUIElementTypeApplication[1]/XCUIElementTypeWindow[1]/XCUIElementTypeOther[1]/XCUIElementTypeOther[2]/XCUIElementTypeOther[2]/XCUIElementTypeButton[1]' wasn't found.
For documentation on this error, please visit: http://seleniumhq.org/exceptions/no_such_element.html
Build info: version: '3.6.0', revision: '6fbf3ec767', time: '2017-09-27T15:28:36.4Z'
System info: host: 'ba1ffa30e57b', ip: '172.18.0.4', os.name: 'Linux', os.arch: 'amd64', os.version: '4.4.0-47-generic', java.version: '1.8.0_131'
Driver info: driver.version: EventFiringWebDriver
Command duration or timeout: 60.38 seconds
For documentation on this error, please visit: http://seleniumhq.org/exceptions/no_such_element.html
Build info: version: '2.53.1', revision: 'a36b8b1cd5757287168e54b817830adce9b0158d', time: '2016-06-30 19:26:09'
System info: host: 'Bingo', ip: '192.168.1.4', os.name: 'Mac OS X', os.arch: 'x86_64', os.version: '10.13.6', java.version: '1.8.0_60'
Driver info: io.appium.java_client.ios.IOSDriver
Capabilities [{reportPdfUrl=https://fifththird.reporting.perfectomobile.com/export/api/v1/test-executions/pdf?externalId[0]=dinesh.venkataraman@internal.53.com_RemoteWebDriver_18-07-26_10_16_46_841&_timestamp[0]=1532600206815, simpleIsVisibleCheck=true, available=false, language=English, deviceName=6CEDD7EA68F5F5211728B0554694B223BB4F86ED, deviceId=6CEDD7EA68F5F5211728B0554694B223BB4F86ED, resolution=1242x2208, mode=CONNECTED, password=, cradleId=BOS-E2-F1-5/VIRTUAL/05, deviceSessionId=dinesh.venkataraman@internal.53.com_RemoteWebDriver_18-07-26_10_16_46_841, driverClass=io.appium.java_client.ios.IOSDriver, automationName=Appium, host=fifththird.perfectomobile.com, javascriptEnabled=true, model=iPhone-8 Plus, rotatable=true, entityType=remote_web_driver, serverHost=1.5.43.22:11605, executionId=dinesh.venkataraman@internal.53.com_RemoteWebDriver_18-07-26_10_16_46_841, webdriver.remote.sessionid=84df156f-36ec-474b-b343-8bad019276f5, scriptName=RemoteWebDriver, operabilityRatingScore=100, cssSelectorsEnabled=true, status=Connected, bundleid=com.clairmail.fth.client, platform=ANY, wifiMacAddress=68:ef:43:e0:b5:f8, manufacturer=Apple, osVersion=11.4, platformVersion=11.4, singleTestReportUrl=https://fifththird.reporting.perfectomobile.com/library?externalId[0]=dinesh.venkataraman@internal.53.com_RemoteWebDriver_18-07-26_10_16_46_841&_timestamp[0]=1532600206815, inUse=true, takesScreenshot=true, platformName=iOS, firmware=11.4, applicationName=Fifth Third, testGridReportUrl=https://fifththird.reporting.perfectomobile.com/library?externalId[0]=dinesh.venkataraman@internal.53.com_RemoteWebDriver_18-07-26_10_16_46_841&_timestamp[0]=1532600206815, os=iOS, xcuitestFindOptimizations=true, allocatedTo=dinesh.venkataraman@internal.53.com, bundleId=com.apple.mobilesafari, serverConnector=, securityToken=, locationContextEnabled=true, location=NA-US-BOS, linkType=lab, reportKey=dinesh.venkataraman@internal.53.com_RemoteWebDriver_18-07-26_10_16_46_841, windTunnelReportUrl=https://fifththird.reporting.perfectomobile.com/library?externalId[0]=dinesh.venkataraman@internal.53.com_RemoteWebDriver_18-07-26_10_16_46_841&_timestamp[0]=1532600206815, user=}]
Session ID: 84df156f-36ec-474b-b343-8bad019276f5
*** Element info: {Using=xpath, value=//AppiumAUT/XCUIElementTypeApplication[1]/XCUIElementTypeWindow[1]/XCUIElementTypeOther[1]/XCUIElementTypeOther[2]/XCUIElementTypeOther[2]/XCUIElementTypeButton[1]}</div></div><div  class="teststep"><span class="teststep-label">T </span>And I click on login button</div><div  class="teststep"><span class="teststep-label">T </span>Then I get an error message "Test Error1"</div></div>]]>
    </line>
  </reporter-output>
  <suite name="Appium Demo Suite" duration-ms="137065" started-at="2018-07-26T10:16:46Z" finished-at="2018-07-26T10:19:03Z">
    <groups>
      <group name="@smoke">
        <method signature="src.main.resources.scenarios.fifththirdLogin.feature.Validating invalid user name and password error message()[pri:1000, instance:com.qmetry.qaf.automation.step.client.Scenario@3e8]" name="Validating invalid user name and password error message" class="com.qmetry.qaf.automation.step.client.Scenario"/>
      </group> <!-- @smoke -->
    </groups>
    <test name="IOS Calc Test" duration-ms="137065" started-at="2018-07-26T10:16:46Z" finished-at="2018-07-26T10:19:03Z">
      <class name="com.qmetry.qaf.automation.step.client.Scenario">
        <test-method status="PASS" signature="setupSuit(org.testng.ITestContext)[pri:0, instance:com.qmetry.qaf.automation.step.client.Scenario@3e8]" test-instance-name="Validating invalid user name and password error message" name="setupSuit" is-config="true" duration-ms="15" started-at="2018-07-26T15:46:46Z" finished-at="2018-07-26T15:46:46Z">
          <params>
            <param index="0">
              <value>
                <![CDATA[org.testng.TestRunner@7dc0f706]]>
              </value>
            </param>
          </params>
          <reporter-output>
          </reporter-output>
        </test-method> <!-- setupSuit -->
        <test-method status="PASS" signature="setupTest(org.testng.ITestContext)[pri:0, instance:com.qmetry.qaf.automation.step.client.Scenario@3e8]" test-instance-name="Validating invalid user name and password error message" name="setupTest" is-config="true" duration-ms="9" started-at="2018-07-26T15:46:46Z" finished-at="2018-07-26T15:46:46Z">
          <params>
            <param index="0">
              <value>
                <![CDATA[org.testng.TestRunner@7dc0f706]]>
              </value>
            </param>
          </params>
          <reporter-output>
          </reporter-output>
        </test-method> <!-- setupTest -->
        <test-method status="PASS" signature="setup(org.testng.ITestContext)[pri:0, instance:com.qmetry.qaf.automation.step.client.Scenario@3e8]" test-instance-name="Validating invalid user name and password error message" name="setup" is-config="true" duration-ms="0" started-at="2018-07-26T15:46:46Z" finished-at="2018-07-26T15:46:46Z">
          <params>
            <param index="0">
              <value>
                <![CDATA[org.testng.TestRunner@7dc0f706]]>
              </value>
            </param>
          </params>
          <reporter-output>
          </reporter-output>
        </test-method> <!-- setup -->
        <test-method status="PASS" signature="setupMethod(java.lang.reflect.Method, org.testng.ITestContext)[pri:0, instance:com.qmetry.qaf.automation.step.client.Scenario@3e8]" test-instance-name="Validating invalid user name and password error message" name="setupMethod" is-config="true" duration-ms="1" started-at="2018-07-26T15:46:46Z" finished-at="2018-07-26T15:46:46Z">
          <params>
            <param index="0">
              <value>
                <![CDATA[public void com.qmetry.qaf.automation.step.client.Scenario.scenario()]]>
              </value>
            </param>
            <param index="1">
              <value>
                <![CDATA[org.testng.TestRunner@7dc0f706]]>
              </value>
            </param>
          </params>
          <reporter-output>
          </reporter-output>
        </test-method> <!-- setupMethod -->
        <test-method status="FAIL" signature="Validating invalid user name and password error message()[pri:1000, instance:com.qmetry.qaf.automation.step.client.Scenario@3e8]" test-instance-name="Validating invalid user name and password error message" name="Validating invalid user name and password error message" duration-ms="96629" started-at="2018-07-26T15:46:46Z" finished-at="2018-07-26T15:48:23Z">
          <exception class="org.openqa.selenium.NoSuchElementException">
            <message>
              <![CDATA[Element with by xpath '//AppiumAUT/XCUIElementTypeApplication[1]/XCUIElementTypeWindow[1]/XCUIElementTypeOther[1]/XCUIElementTypeOther[2]/XCUIElementTypeOther[2]/XCUIElementTypeButton[1]' wasn't found.
For documentation on this error, please visit: http://seleniumhq.org/exceptions/no_such_element.html
Build info: version: '3.6.0', revision: '6fbf3ec767', time: '2017-09-27T15:28:36.4Z'
System info: host: 'ba1ffa30e57b', ip: '172.18.0.4', os.name: 'Linux', os.arch: 'amd64', os.version: '4.4.0-47-generic', java.version: '1.8.0_131'
Driver info: driver.version: EventFiringWebDriver
Command duration or timeout: 60.38 seconds
For documentation on this error, please visit: http://seleniumhq.org/exceptions/no_such_element.html
Build info: version: '2.53.1', revision: 'a36b8b1cd5757287168e54b817830adce9b0158d', time: '2016-06-30 19:26:09'
System info: host: 'Bingo', ip: '192.168.1.4', os.name: 'Mac OS X', os.arch: 'x86_64', os.version: '10.13.6', java.version: '1.8.0_60'
Driver info: io.appium.java_client.ios.IOSDriver
Capabilities [{reportPdfUrl=https://fifththird.reporting.perfectomobile.com/export/api/v1/test-executions/pdf?externalId[0]=dinesh.venkataraman@internal.53.com_RemoteWebDriver_18-07-26_10_16_46_841&_timestamp[0]=1532600206815, simpleIsVisibleCheck=true, available=false, language=English, deviceName=6CEDD7EA68F5F5211728B0554694B223BB4F86ED, deviceId=6CEDD7EA68F5F5211728B0554694B223BB4F86ED, resolution=1242x2208, mode=CONNECTED, password=, cradleId=BOS-E2-F1-5/VIRTUAL/05, deviceSessionId=dinesh.venkataraman@internal.53.com_RemoteWebDriver_18-07-26_10_16_46_841, driverClass=io.appium.java_client.ios.IOSDriver, automationName=Appium, host=fifththird.perfectomobile.com, javascriptEnabled=true, model=iPhone-8 Plus, rotatable=true, entityType=remote_web_driver, serverHost=1.5.43.22:11605, executionId=dinesh.venkataraman@internal.53.com_RemoteWebDriver_18-07-26_10_16_46_841, webdriver.remote.sessionid=84df156f-36ec-474b-b343-8bad019276f5, scriptName=RemoteWebDriver, operabilityRatingScore=100, cssSelectorsEnabled=true, status=Connected, bundleid=com.clairmail.fth.client, platform=ANY, wifiMacAddress=68:ef:43:e0:b5:f8, manufacturer=Apple, osVersion=11.4, platformVersion=11.4, singleTestReportUrl=https://fifththird.reporting.perfectomobile.com/library?externalId[0]=dinesh.venkataraman@internal.53.com_RemoteWebDriver_18-07-26_10_16_46_841&_timestamp[0]=1532600206815, inUse=true, takesScreenshot=true, platformName=iOS, firmware=11.4, applicationName=Fifth Third, testGridReportUrl=https://fifththird.reporting.perfectomobile.com/library?externalId[0]=dinesh.venkataraman@internal.53.com_RemoteWebDriver_18-07-26_10_16_46_841&_timestamp[0]=1532600206815, os=iOS, xcuitestFindOptimizations=true, allocatedTo=dinesh.venkataraman@internal.53.com, bundleId=com.apple.mobilesafari, serverConnector=, securityToken=, locationContextEnabled=true, location=NA-US-BOS, linkType=lab, reportKey=dinesh.venkataraman@internal.53.com_RemoteWebDriver_18-07-26_10_16_46_841, windTunnelReportUrl=https://fifththird.reporting.perfectomobile.com/library?externalId[0]=dinesh.venkataraman@internal.53.com_RemoteWebDriver_18-07-26_10_16_46_841&_timestamp[0]=1532600206815, user=}]
Session ID: 84df156f-36ec-474b-b343-8bad019276f5
*** Element info: {Using=xpath, value=//AppiumAUT/XCUIElementTypeApplication[1]/XCUIElementTypeWindow[1]/XCUIElementTypeOther[1]/XCUIElementTypeOther[2]/XCUIElementTypeOther[2]/XCUIElementTypeButton[1]}]]>
            </message>
            <full-stacktrace>
              <![CDATA[org.openqa.selenium.NoSuchElementException: Element with by xpath '//AppiumAUT/XCUIElementTypeApplication[1]/XCUIElementTypeWindow[1]/XCUIElementTypeOther[1]/XCUIElementTypeOther[2]/XCUIElementTypeOther[2]/XCUIElementTypeButton[1]' wasn't found.
For documentation on this error, please visit: http://seleniumhq.org/exceptions/no_such_element.html
Build info: version: '3.6.0', revision: '6fbf3ec767', time: '2017-09-27T15:28:36.4Z'
System info: host: 'ba1ffa30e57b', ip: '172.18.0.4', os.name: 'Linux', os.arch: 'amd64', os.version: '4.4.0-47-generic', java.version: '1.8.0_131'
Driver info: driver.version: EventFiringWebDriver
Command duration or timeout: 60.38 seconds
For documentation on this error, please visit: http://seleniumhq.org/exceptions/no_such_element.html
Build info: version: '2.53.1', revision: 'a36b8b1cd5757287168e54b817830adce9b0158d', time: '2016-06-30 19:26:09'
System info: host: 'Bingo', ip: '192.168.1.4', os.name: 'Mac OS X', os.arch: 'x86_64', os.version: '10.13.6', java.version: '1.8.0_60'
Driver info: io.appium.java_client.ios.IOSDriver
Capabilities [{reportPdfUrl=https://fifththird.reporting.perfectomobile.com/export/api/v1/test-executions/pdf?externalId[0]=dinesh.venkataraman@internal.53.com_RemoteWebDriver_18-07-26_10_16_46_841&_timestamp[0]=1532600206815, simpleIsVisibleCheck=true, available=false, language=English, deviceName=6CEDD7EA68F5F5211728B0554694B223BB4F86ED, deviceId=6CEDD7EA68F5F5211728B0554694B223BB4F86ED, resolution=1242x2208, mode=CONNECTED, password=, cradleId=BOS-E2-F1-5/VIRTUAL/05, deviceSessionId=dinesh.venkataraman@internal.53.com_RemoteWebDriver_18-07-26_10_16_46_841, driverClass=io.appium.java_client.ios.IOSDriver, automationName=Appium, host=fifththird.perfectomobile.com, javascriptEnabled=true, model=iPhone-8 Plus, rotatable=true, entityType=remote_web_driver, serverHost=1.5.43.22:11605, executionId=dinesh.venkataraman@internal.53.com_RemoteWebDriver_18-07-26_10_16_46_841, webdriver.remote.sessionid=84df156f-36ec-474b-b343-8bad019276f5, scriptName=RemoteWebDriver, operabilityRatingScore=100, cssSelectorsEnabled=true, status=Connected, bundleid=com.clairmail.fth.client, platform=ANY, wifiMacAddress=68:ef:43:e0:b5:f8, manufacturer=Apple, osVersion=11.4, platformVersion=11.4, singleTestReportUrl=https://fifththird.reporting.perfectomobile.com/library?externalId[0]=dinesh.venkataraman@internal.53.com_RemoteWebDriver_18-07-26_10_16_46_841&_timestamp[0]=1532600206815, inUse=true, takesScreenshot=true, platformName=iOS, firmware=11.4, applicationName=Fifth Third, testGridReportUrl=https://fifththird.reporting.perfectomobile.com/library?externalId[0]=dinesh.venkataraman@internal.53.com_RemoteWebDriver_18-07-26_10_16_46_841&_timestamp[0]=1532600206815, os=iOS, xcuitestFindOptimizations=true, allocatedTo=dinesh.venkataraman@internal.53.com, bundleId=com.apple.mobilesafari, serverConnector=, securityToken=, locationContextEnabled=true, location=NA-US-BOS, linkType=lab, reportKey=dinesh.venkataraman@internal.53.com_RemoteWebDriver_18-07-26_10_16_46_841, windTunnelReportUrl=https://fifththird.reporting.perfectomobile.com/library?externalId[0]=dinesh.venkataraman@internal.53.com_RemoteWebDriver_18-07-26_10_16_46_841&_timestamp[0]=1532600206815, user=}]
Session ID: 84df156f-36ec-474b-b343-8bad019276f5
*** Element info: {Using=xpath, value=//AppiumAUT/XCUIElementTypeApplication[1]/XCUIElementTypeWindow[1]/XCUIElementTypeOther[1]/XCUIElementTypeOther[2]/XCUIElementTypeOther[2]/XCUIElementTypeButton[1]}
	at .When I enter "PerfectoMOBTest" and "Test@1234"(src/main/resources/scenarios/fifththirdLogin.feature:8)
	at org.openqa.selenium.remote.ErrorHandler.createThrowable(ErrorHandler.java:206)
	at org.openqa.selenium.remote.ErrorHandler.throwIfResponseFailed(ErrorHandler.java:158)
	at org.openqa.selenium.remote.RemoteWebDriver.execute(RemoteWebDriver.java:678)
	at io.appium.java_client.DefaultGenericMobileDriver.execute(DefaultGenericMobileDriver.java:40)
	at io.appium.java_client.AppiumDriver.execute(AppiumDriver.java:1)
	at io.appium.java_client.ios.IOSDriver.execute(IOSDriver.java:1)
	at org.openqa.selenium.remote.RemoteWebDriver.findElement(RemoteWebDriver.java:363)
	at io.appium.java_client.DefaultGenericMobileDriver.findElement(DefaultGenericMobileDriver.java:56)
	at io.appium.java_client.AppiumDriver.findElement(AppiumDriver.java:1)
	at io.appium.java_client.ios.IOSDriver.findElement(IOSDriver.java:1)
	at org.openqa.selenium.remote.RemoteWebDriver.findElementByXPath(RemoteWebDriver.java:500)
	at io.appium.java_client.DefaultGenericMobileDriver.findElementByXPath(DefaultGenericMobileDriver.java:134)
	at io.appium.java_client.AppiumDriver.findElementByXPath(AppiumDriver.java:1)
	at io.appium.java_client.ios.IOSDriver.findElementByXPath(IOSDriver.java:1)
	at org.openqa.selenium.By$ByXPath.findElement(By.java:361)
	at org.openqa.selenium.remote.RemoteWebDriver.findElement(RemoteWebDriver.java:355)
	at io.appium.java_client.DefaultGenericMobileDriver.findElement(DefaultGenericMobileDriver.java:52)
	at io.appium.java_client.AppiumDriver.findElement(AppiumDriver.java:1)
	at io.appium.java_client.ios.IOSDriver.findElement(IOSDriver.java:1)
	at com.quantum.steps.FifththirdLoginDefs.i_enter_and(FifththirdLoginDefs.java:65)
	at com.qmetry.qaf.automation.step.JavaStep.doExecute(JavaStep.java:159)
	at com.qmetry.qaf.automation.step.BaseTestStep.execute(BaseTestStep.java:149)
	at com.qmetry.qaf.automation.step.StringTestStep.execute(StringTestStep.java:134)
	at com.qmetry.qaf.automation.step.client.Scenario.execute(Scenario.java:173)
	at com.qmetry.qaf.automation.step.client.Scenario.scenario(Scenario.java:225)
	at java.util.concurrent.FutureTask.run(FutureTask.java:266)
	at java.util.concurrent.ThreadPoolExecutor.runWorker(ThreadPoolExecutor.java:1142)
	at java.util.concurrent.ThreadPoolExecutor$Worker.run(ThreadPoolExecutor.java:617)
	at java.lang.Thread.run(Thread.java:745)
Caused by: org.openqa.selenium.NoSuchElementException: Element with by xpath '//AppiumAUT/XCUIElementTypeApplication[1]/XCUIElementTypeWindow[1]/XCUIElementTypeOther[1]/XCUIElementTypeOther[2]/XCUIElementTypeOther[2]/XCUIElementTypeButton[1]' wasn't found.
For documentation on this error, please visit: http://seleniumhq.org/exceptions/no_such_element.html
Build info: version: '3.6.0', revision: '6fbf3ec767', time: '2017-09-27T15:28:36.4Z'
System info: host: 'ba1ffa30e57b', ip: '172.18.0.4', os.name: 'Linux', os.arch: 'amd64', os.version: '4.4.0-47-generic', java.version: '1.8.0_131'
Driver info: driver.version: EventFiringWebDriver
For documentation on this error, please visit: http://seleniumhq.org/exceptions/no_such_element.html
Build info: version: '2.53.1', revision: 'a36b8b1cd5757287168e54b817830adce9b0158d', time: '2016-06-30 19:26:09'
System info: host: 'Bingo', ip: '192.168.1.4', os.name: 'Mac OS X', os.arch: 'x86_64', os.version: '10.13.6', java.version: '1.8.0_60'
Driver info: driver.version: EventFiringWebDriver
	at com.perfectomobile.selenium.MobileApplication.getSingleElement(MobileApplication.java:337)
	at com.perfectomobile.selenium.MobileApplication.findElementByXPath(MobileApplication.java:193)
	at org.openqa.selenium.By$ByXPath.findElement(By.java:361)
	at com.perfectomobile.selenium.MobileApplication.findElement(MobileApplication.java:132)
	at com.perfectomobile.selenium.server.PerfectoMobileDriver.findElement(PerfectoMobileDriver.java:850)
	at sun.reflect.GeneratedMethodAccessor2557.invoke(Unknown Source)
	at sun.reflect.DelegatingMethodAccessorImpl.invoke(DelegatingMethodAccessorImpl.java:43)
	at java.lang.reflect.Method.invoke(Method.java:498)
	at org.openqa.selenium.support.events.EventFiringWebDriver$2.invoke(EventFiringWebDriver.java:109)
	at com.sun.proxy.$Proxy286.findElement(Unknown Source)
	at org.openqa.selenium.support.events.EventFiringWebDriver.findElement(EventFiringWebDriver.java:193)
	at org.openqa.selenium.remote.server.handler.FindElement.call(FindElement.java:48)
	at org.openqa.selenium.remote.server.handler.FindElement.call(FindElement.java:33)
	at org.openqa.selenium.remote.server.handler.WebDriverHandler.handle(WebDriverHandler.java:41)
	at org.openqa.selenium.remote.server.rest.ResultConfig.handle(ResultConfig.java:112)
	at org.openqa.selenium.remote.server.JsonHttpCommandHandler.handleRequest(JsonHttpCommandHandler.java:192)
	at org.openqa.selenium.remote.server.MobileDriverServlet.lambda$handleRequest$0(MobileDriverServlet.java:465)
	at java.util.concurrent.Executors$RunnableAdapter.call(Executors.java:511)
	at java.util.concurrent.FutureTask.run(FutureTask.java:266)
	at java.util.concurrent.ThreadPoolExecutor.runWorker(ThreadPoolExecutor.java:1142)
	at java.util.concurrent.ThreadPoolExecutor$Worker.run(ThreadPoolExecutor.java:617)
	at java.lang.Thread.run(Thread.java:748)
]]>
            </full-stacktrace>
          </exception> <!-- org.openqa.selenium.NoSuchElementException -->
          <reporter-output>
            <line>
              <![CDATA[▀▄▀▄▀ DEVICE PROPERTIES: Capabilities [{reportPdfUrl=https://fifththird.reporting.perfectomobile.com/export/api/v1/test-executions/pdf?externalId[0]=dinesh.venkataraman@internal.53.com_RemoteWebDriver_18-07-26_10_16_46_841&_timestamp[0]=1532600206815, simpleIsVisibleCheck=true, available=false, language=English, deviceName=6CEDD7EA68F5F5211728B0554694B223BB4F86ED, deviceId=6CEDD7EA68F5F5211728B0554694B223BB4F86ED, resolution=1242x2208, mode=CONNECTED, password=, cradleId=BOS-E2-F1-5/VIRTUAL/05, deviceSessionId=dinesh.venkataraman@internal.53.com_RemoteWebDriver_18-07-26_10_16_46_841, driverClass=io.appium.java_client.ios.IOSDriver, automationName=Appium, host=fifththird.perfectomobile.com, javascriptEnabled=true, model=iPhone-8 Plus, rotatable=true, entityType=remote_web_driver, serverHost=1.5.43.22:11605, executionId=dinesh.venkataraman@internal.53.com_RemoteWebDriver_18-07-26_10_16_46_841, webdriver.remote.sessionid=84df156f-36ec-474b-b343-8bad019276f5, scriptName=RemoteWebDriver, operabilityRatingScore=100, cssSelectorsEnabled=true, status=Connected, bundleid=com.clairmail.fth.client, platform=ANY, wifiMacAddress=68:ef:43:e0:b5:f8, manufacturer=Apple, osVersion=11.4, platformVersion=11.4, singleTestReportUrl=https://fifththird.reporting.perfectomobile.com/library?externalId[0]=dinesh.venkataraman@internal.53.com_RemoteWebDriver_18-07-26_10_16_46_841&_timestamp[0]=1532600206815, inUse=true, takesScreenshot=true, platformName=iOS, firmware=11.4, applicationName=Fifth Third, testGridReportUrl=https://fifththird.reporting.perfectomobile.com/library?externalId[0]=dinesh.venkataraman@internal.53.com_RemoteWebDriver_18-07-26_10_16_46_841&_timestamp[0]=1532600206815, os=iOS, xcuitestFindOptimizations=true, allocatedTo=dinesh.venkataraman@internal.53.com, bundleId=com.apple.mobilesafari, serverConnector=, securityToken=, locationContextEnabled=true, location=NA-US-BOS, linkType=lab, reportKey=dinesh.venkataraman@internal.53.com_RemoteWebDriver_18-07-26_10_16_46_841, windTunnelReportUrl=https://fifththird.reporting.perfectomobile.com/library?externalId[0]=dinesh.venkataraman@internal.53.com_RemoteWebDriver_18-07-26_10_16_46_841&_timestamp[0]=1532600206815, user=}] ▀▄▀▄▀]]>
            </line>
            <line>
              <![CDATA[█▀▀▀▀▀▀▀▀▀▀▀▀▀▀▀▀▀▀▀▀▀▀▀▀▀▀▀▀▀▀▀▀▀▀▀▀▀▀▀▀▀▀▀▀▀▀▀▀▀▀▀▀▀▀▀▀▀▀▀▀▀▀▀▀▀▀▀▀▀▀▀█]]>
            </line>
            <line>
              <![CDATA[█ TEST STARTED: Validating invalid user name and password error message █]]>
            </line>
            <line>
              <![CDATA[█▄▄▄▄▄▄▄▄▄▄▄▄▄▄▄▄▄▄▄▄▄▄▄▄▄▄▄▄▄▄▄▄▄▄▄▄▄▄▄▄▄▄▄▄▄▄▄▄▄▄▄▄▄▄▄▄▄▄▄▄▄▄▄▄▄▄▄▄▄▄▄█]]>
            </line>
            <line>
              <![CDATA[▄ ▄ ▄ BEGIN STEP: Given I start the application by the name "Fifth Third" ▄ ▄ ▄]]>
            </line>
            <line>
              <![CDATA[▀ ▀ ▀ END STEP: Given I start the application by the name "Fifth Third" ▀ ▀ ▀]]>
            </line>
            <line>
              <![CDATA[▄ ▄ ▄ BEGIN STEP: And I am using an AppiumDriver ▄ ▄ ▄]]>
            </line>
            <line>
              <![CDATA[▀▄▀▄▀ Driver is an instance of IOSDriver ▀▄▀▄▀]]>
            </line>
            <line>
              <![CDATA[▀ ▀ ▀ END STEP: And I am using an AppiumDriver ▀ ▀ ▀]]>
            </line>
            <line>
              <![CDATA[▄ ▄ ▄ BEGIN STEP: When I enter "PerfectoMOBTest" and "Test@1234" ▄ ▄ ▄]]>
            </line>
            <line>
              <![CDATA[▀ ▀ ▀ END STEP: When I enter "PerfectoMOBTest" and "Test@1234" ▀ ▀ ▀]]>
            </line>
            <line>
              <![CDATA[▀▄▀▄▀ REPORTIUM URL: https://fifththird.reporting.perfectomobile.com/library?externalId%5B0%5D=dinesh.venkataraman@internal.53.com_RemoteWebDriver_18-07-26_10_16_46_841&_timestamp%5B0%5D=1532600206815 ▀▄▀▄▀]]>
            </line>
            <line>
              <![CDATA[█▀▀▀▀▀▀▀▀▀▀▀▀▀▀▀▀▀▀▀▀▀▀▀▀▀▀▀▀▀▀▀▀▀▀▀▀▀▀▀▀▀▀▀▀▀▀▀▀▀▀▀▀▀▀▀▀▀▀▀▀▀▀▀▀▀▀▀▀▀▀█]]>
            </line>
            <line>
              <![CDATA[█ TEST FAILED: Validating invalid user name and password error message █]]>
            </line>
            <line>
              <![CDATA[█▄▄▄▄▄▄▄▄▄▄▄▄▄▄▄▄▄▄▄▄▄▄▄▄▄▄▄▄▄▄▄▄▄▄▄▄▄▄▄▄▄▄▄▄▄▄▄▄▄▄▄▄▄▄▄▄▄▄▄▄▄▄▄▄▄▄▄▄▄▄█]]>
            </line>
            <line>
              <![CDATA[<div style="display:block;margin-left:10px;"><div  class="teststeppass"><span class="teststeppass-label">T </span>Given I start the application by the name "Fifth Third"</div><div  class="teststeppass"><span class="teststeppass-label">T </span>And I am using an AppiumDriver</div><div  class="teststepfail"><span class="teststepfail-label">T </span>When I enter "PerfectoMOBTest" and "Test@1234" <a href="img/ValidatingInvalidUserNameAndPasswordErrorMessage_1pigja7wxzray25616.png" target="_blank">[View Screenshot]</a> </div><div style="display:block;margin-left:10px;"><div  class="fail"><span class="fail-label">F </span>Element with by xpath '//AppiumAUT/XCUIElementTypeApplication[1]/XCUIElementTypeWindow[1]/XCUIElementTypeOther[1]/XCUIElementTypeOther[2]/XCUIElementTypeOther[2]/XCUIElementTypeButton[1]' wasn't found.
For documentation on this error, please visit: http://seleniumhq.org/exceptions/no_such_element.html
Build info: version: '3.6.0', revision: '6fbf3ec767', time: '2017-09-27T15:28:36.4Z'
System info: host: 'ba1ffa30e57b', ip: '172.18.0.4', os.name: 'Linux', os.arch: 'amd64', os.version: '4.4.0-47-generic', java.version: '1.8.0_131'
Driver info: driver.version: EventFiringWebDriver
Command duration or timeout: 60.38 seconds
For documentation on this error, please visit: http://seleniumhq.org/exceptions/no_such_element.html
Build info: version: '2.53.1', revision: 'a36b8b1cd5757287168e54b817830adce9b0158d', time: '2016-06-30 19:26:09'
System info: host: 'Bingo', ip: '192.168.1.4', os.name: 'Mac OS X', os.arch: 'x86_64', os.version: '10.13.6', java.version: '1.8.0_60'
Driver info: io.appium.java_client.ios.IOSDriver
Capabilities [{reportPdfUrl=https://fifththird.reporting.perfectomobile.com/export/api/v1/test-executions/pdf?externalId[0]=dinesh.venkataraman@internal.53.com_RemoteWebDriver_18-07-26_10_16_46_841&_timestamp[0]=1532600206815, simpleIsVisibleCheck=true, available=false, language=English, deviceName=6CEDD7EA68F5F5211728B0554694B223BB4F86ED, deviceId=6CEDD7EA68F5F5211728B0554694B223BB4F86ED, resolution=1242x2208, mode=CONNECTED, password=, cradleId=BOS-E2-F1-5/VIRTUAL/05, deviceSessionId=dinesh.venkataraman@internal.53.com_RemoteWebDriver_18-07-26_10_16_46_841, driverClass=io.appium.java_client.ios.IOSDriver, automationName=Appium, host=fifththird.perfectomobile.com, javascriptEnabled=true, model=iPhone-8 Plus, rotatable=true, entityType=remote_web_driver, serverHost=1.5.43.22:11605, executionId=dinesh.venkataraman@internal.53.com_RemoteWebDriver_18-07-26_10_16_46_841, webdriver.remote.sessionid=84df156f-36ec-474b-b343-8bad019276f5, scriptName=RemoteWebDriver, operabilityRatingScore=100, cssSelectorsEnabled=true, status=Connected, bundleid=com.clairmail.fth.client, platform=ANY, wifiMacAddress=68:ef:43:e0:b5:f8, manufacturer=Apple, osVersion=11.4, platformVersion=11.4, singleTestReportUrl=https://fifththird.reporting.perfectomobile.com/library?externalId[0]=dinesh.venkataraman@internal.53.com_RemoteWebDriver_18-07-26_10_16_46_841&_timestamp[0]=1532600206815, inUse=true, takesScreenshot=true, platformName=iOS, firmware=11.4, applicationName=Fifth Third, testGridReportUrl=https://fifththird.reporting.perfectomobile.com/library?externalId[0]=dinesh.venkataraman@internal.53.com_RemoteWebDriver_18-07-26_10_16_46_841&_timestamp[0]=1532600206815, os=iOS, xcuitestFindOptimizations=true, allocatedTo=dinesh.venkataraman@internal.53.com, bundleId=com.apple.mobilesafari, serverConnector=, securityToken=, locationContextEnabled=true, location=NA-US-BOS, linkType=lab, reportKey=dinesh.venkataraman@internal.53.com_RemoteWebDriver_18-07-26_10_16_46_841, windTunnelReportUrl=https://fifththird.reporting.perfectomobile.com/library?externalId[0]=dinesh.venkataraman@internal.53.com_RemoteWebDriver_18-07-26_10_16_46_841&_timestamp[0]=1532600206815, user=}]
Session ID: 84df156f-36ec-474b-b343-8bad019276f5
*** Element info: {Using=xpath, value=//AppiumAUT/XCUIElementTypeApplication[1]/XCUIElementTypeWindow[1]/XCUIElementTypeOther[1]/XCUIElementTypeOther[2]/XCUIElementTypeOther[2]/XCUIElementTypeButton[1]}</div></div><div  class="teststep"><span class="teststep-label">T </span>And I click on login button</div><div  class="teststep"><span class="teststep-label">T </span>Then I get an error message "Test Error1"</div></div>]]>
            </line>
          </reporter-output>
        </test-method> <!-- Validating invalid user name and password error message -->
        <test-method status="PASS" signature="afterMethod(org.testng.ITestContext, org.testng.ITestResult)[pri:0, instance:com.qmetry.qaf.automation.step.client.Scenario@3e8]" test-instance-name="Validating invalid user name and password error message" name="afterMethod" is-config="true" duration-ms="0" started-at="2018-07-26T15:48:26Z" finished-at="2018-07-26T15:48:26Z">
          <params>
            <param index="0">
              <value>
                <![CDATA[org.testng.TestRunner@7dc0f706]]>
              </value>
            </param>
            <param index="1">
              <value>
                <![CDATA[[TestResult name=Validating invalid user name and password error message status=FAILURE method=src.main.resources.scenarios.fifththirdLogin.feature.Validating invalid user name and password error message()[pri:1000, instance:com.qmetry.qaf.automation.step.client.Scenario@3e8] output=▀▄▀▄▀ DEVICE PROPERTIES: Capabilities [{reportPdfUrl=https://fifththird.reporting.perfectomobile.com/export/api/v1/test-executions/pdf?externalId[0]=dinesh.venkataraman@internal.53.com_RemoteWebDriver_18-07-26_10_16_46_841&_timestamp[0]=1532600206815, simpleIsVisibleCheck=true, available=false, language=English, deviceName=6CEDD7EA68F5F5211728B0554694B223BB4F86ED, deviceId=6CEDD7EA68F5F5211728B0554694B223BB4F86ED, resolution=1242x2208, mode=CONNECTED, password=, cradleId=BOS-E2-F1-5/VIRTUAL/05, deviceSessionId=dinesh.venkataraman@internal.53.com_RemoteWebDriver_18-07-26_10_16_46_841, driverClass=io.appium.java_client.ios.IOSDriver, automationName=Appium, host=fifththird.perfectomobile.com, javascriptEnabled=true, model=iPhone-8 Plus, rotatable=true, entityType=remote_web_driver, serverHost=1.5.43.22:11605, executionId=dinesh.venkataraman@internal.53.com_RemoteWebDriver_18-07-26_10_16_46_841, webdriver.remote.sessionid=84df156f-36ec-474b-b343-8bad019276f5, scriptName=RemoteWebDriver, operabilityRatingScore=100, cssSelectorsEnabled=true, status=Connected, bundleid=com.clairmail.fth.client, platform=ANY, wifiMacAddress=68:ef:43:e0:b5:f8, manufacturer=Apple, osVersion=11.4, platformVersion=11.4, singleTestReportUrl=https://fifththird.reporting.perfectomobile.com/library?externalId[0]=dinesh.venkataraman@internal.53.com_RemoteWebDriver_18-07-26_10_16_46_841&_timestamp[0]=1532600206815, inUse=true, takesScreenshot=true, platformName=iOS, firmware=11.4, applicationName=Fifth Third, testGridReportUrl=https://fifththird.reporting.perfectomobile.com/library?externalId[0]=dinesh.venkataraman@internal.53.com_RemoteWebDriver_18-07-26_10_16_46_841&_timestamp[0]=1532600206815, os=iOS, xcuitestFindOptimizations=true, allocatedTo=dinesh.venkataraman@internal.53.com, bundleId=com.apple.mobilesafari, serverConnector=, securityToken=, locationContextEnabled=true, location=NA-US-BOS, linkType=lab, reportKey=dinesh.venkataraman@internal.53.com_RemoteWebDriver_18-07-26_10_16_46_841, windTunnelReportUrl=https://fifththird.reporting.perfectomobile.com/library?externalId[0]=dinesh.venkataraman@internal.53.com_RemoteWebDriver_18-07-26_10_16_46_841&_timestamp[0]=1532600206815, user=}] ▀▄▀▄▀]]]>
              </value>
            </param>
          </params>
          <reporter-output>
          </reporter-output>
        </test-method> <!-- afterMethod -->
        <test-method status="PASS" signature="afterClass(org.testng.ITestContext)[pri:0, instance:com.qmetry.qaf.automation.step.client.Scenario@3e8]" test-instance-name="Validating invalid user name and password error message" name="afterClass" is-config="true" duration-ms="1" started-at="2018-07-26T15:48:26Z" finished-at="2018-07-26T15:48:26Z">
          <params>
            <param index="0">
              <value>
                <![CDATA[org.testng.TestRunner@7dc0f706]]>
              </value>
            </param>
          </params>
          <reporter-output>
          </reporter-output>
        </test-method> <!-- afterClass -->
        <test-method status="PASS" signature="afterTest(org.testng.ITestContext)[pri:0, instance:com.qmetry.qaf.automation.step.client.Scenario@3e8]" test-instance-name="Validating invalid user name and password error message" name="afterTest" is-config="true" duration-ms="37457" started-at="2018-07-26T15:48:26Z" finished-at="2018-07-26T15:49:03Z">
          <params>
            <param index="0">
              <value>
                <![CDATA[org.testng.TestRunner@7dc0f706]]>
              </value>
            </param>
          </params>
          <reporter-output>
          </reporter-output>
        </test-method> <!-- afterTest -->
      </class> <!-- com.qmetry.qaf.automation.step.client.Scenario -->
    </test> <!-- IOS Calc Test -->
  </suite> <!-- Appium Demo Suite -->
</testng-results>
