<?xml version="1.0" encoding="UTF-8"?>
<!-- Generated by org.testng.reporters.JUnitXMLReporter -->
<testsuite hostname="Bingo" ignored="0" name="Android Calc Test" tests="2" failures="0" timestamp="24 Jul 2018 18:52:29 GMT" time="42.452" errors="0">
  <testcase name="Appium Example" time="17.702" classname="com.qmetry.qaf.automation.step.client.Scenario">
    <skipped/>
  </testcase> <!-- Appium Example -->
  <testcase name="Appium Example 2" time="0.249" classname="com.qmetry.qaf.automation.step.client.Scenario">
    <skipped/>
  </testcase> <!-- Appium Example 2 -->
</testsuite> <!-- Android Calc Test -->
